2025-12-02 09:45:39,910 - INFO - Revoke   - 540101075E0FD61EA93A41D080385227 - 1753859069242
2025-12-02 09:50:07,805 - INFO - Revoke   - 540101075071BF876BA4590F201CC6BC - 1762823341739
2025-12-05 10:27:29,035 - INFO - Unrevoke - 5401010720CFE78676BF59E06F866306 - 1753235448232
2025-12-12 09:33:46,314 - INFO - Revoke   - 5401010740568aed41f4c2552af28b10 - 1765506826009
2025-12-12 14:59:12,626 - INFO - Unrevoke - 54010107080D9B7302EB8E4AFE15E61D - 1765416352852
2025-12-12 15:02:34,337 - INFO - Revoke   - 5401010720CFE78676BF59E06F866306 - 1753235448232
2025-12-13 11:06:21,967 - INFO - Revoke   - 540101077D3879DD050CC0A9849BDAF9 - 1765598781462
2025-12-15 13:52:55,118 - INFO - Unrevoke - 540101077a8f2ffe3541897817173e0f - 1763689347185
2025-12-15 15:01:01,702 - INFO - 
Updated 9 records in 0.4 seconds
2025-12-15 15:01:01,841 - INFO - Revoked: 5401010713D938AF2358BD61115B3B40 - status: 40 - revocationDate: 1765785654000
2025-12-15 15:01:01,842 - INFO - Revoked: 54010107699C4D50A2BEA949B9546E50 - status: 40 - revocationDate: 1765785654000
2025-12-15 15:01:01,842 - INFO - Revoked: 5401010725DE69F7E3DD29CC7D9969D8 - status: 40 - revocationDate: 1765785654000
2025-12-15 15:01:01,842 - INFO - Revoked: 5401010705FAAFEE25D2AF4A9762B358 - status: 40 - revocationDate: 1765785654000
2025-12-15 15:01:01,842 - INFO - Revoked: 5401010712FA133A060A9AE9FF5D157F - status: 40 - revocationDate: 1765785654000
2025-12-15 15:01:01,843 - INFO - Revoked: 540101070F05FEE910116159E4548D05 - status: 40 - revocationDate: 1765785654000
2025-12-15 15:01:01,843 - INFO - Revoked: 540101072E70FE3BE24F943AA5E7B437 - status: 40 - revocationDate: 1765785654000
2025-12-15 15:01:01,843 - INFO - Revoked: 54010107445740497724D4EC10FD88AF - status: 40 - revocationDate: 1765785654000
2025-12-15 15:01:01,843 - INFO - Revoked: 5401010724C87FF77D88B8298D933E4B - status: 40 - revocationDate: 1765785654000
2025-12-15 15:01:01,843 - INFO - Serial numbers have not been updated:
2025-12-15 15:32:01,337 - INFO - Unrevoke - 540101076b8c48c3f2541a3b24a4a09c - 1756256962009
2025-12-17 10:10:22,384 - INFO - Unrevoke - 5401010717EB3785824AF43CB76AFCBE - 1765761964773
2025-12-18 10:44:08,074 - INFO - Revoke   - 5401010731D3E7BA96C8E870010C097A - 1766029447821
2025-12-19 13:47:03,556 - INFO - Unrevoke - 5401010702403A228E17346F68E4BAA3 - 1759132878000
2025-12-23 16:31:12,537 - INFO - Revoke   - 54010107080D9B7302EB8E4AFE15E61D - 1765416352852
2025-12-23 16:31:41,812 - INFO - Revoke   - 540101077a8f2ffe3541897817173e0f - 1763689347185
2025-12-23 16:32:21,601 - INFO - Revoke   - 540101076b8c48c3f2541a3b24a4a09c - 1756256962009
2025-12-24 14:36:20,570 - INFO - Unrevoke - 54010107494A994C57D12EB632C19ABC - 1766107300677
2025-12-25 14:48:42,774 - INFO - Revoke   - 5401010717EB3785824AF43CB76AFCBE - 1765761964773
2025-12-30 08:25:59,340 - INFO - Revoke   - 5401010763CEE90C460E6D1F7895A654 - 1766107302434
2025-12-30 08:34:21,563 - INFO - 
Updated 12 records in 0.4 seconds
2025-12-30 08:34:21,704 - INFO - Revoked: 5401010728671B74E8FFA292198B9500 - status: 40 - revocationDate: 1767058442000
2025-12-30 08:34:21,704 - INFO - Revoked: 5401010704823E30797A625D6874012A - status: 40 - revocationDate: 1767058442000
2025-12-30 08:34:21,704 - INFO - Revoked: 540101074805719AF08B819BC5439839 - status: 40 - revocationDate: 1767058442000
2025-12-30 08:34:21,704 - INFO - Revoked: 540101075D6C57EC3702F058019B9511 - status: 40 - revocationDate: 1767058442000
2025-12-30 08:34:21,704 - INFO - Revoked: 54010107742ABBAE9CBAC8FE9D7C2878 - status: 40 - revocationDate: 1767058442000
2025-12-30 08:34:21,704 - INFO - Revoked: 5401010758392C42FFACE4C6D5A5FF81 - status: 40 - revocationDate: 1767058442000
2025-12-30 08:34:21,704 - INFO - Revoked: 54010107611AF570DBC9A9695D3E0540 - status: 40 - revocationDate: 1767058442000
2025-12-30 08:34:21,704 - INFO - Revoked: 54010107600C14B040421DA530F85050 - status: 40 - revocationDate: 1767058442000
2025-12-30 08:34:21,704 - INFO - Revoked: 540101074243866B1E79AE1CD9123572 - status: 40 - revocationDate: 1767058442000
2025-12-30 08:34:21,704 - INFO - Revoked: 5401010775A34283E02CB4ADEB071FB9 - status: 40 - revocationDate: 1767058442000
2025-12-30 08:34:21,704 - INFO - Revoked: 540101076D862EDDE026ABD422926A73 - status: 40 - revocationDate: 1767058442000
2025-12-30 08:34:21,704 - INFO - Revoked: 54010107133E1938D8A347A780078717 - status: 40 - revocationDate: 1767058442000
2025-12-30 08:34:21,704 - INFO - Serial numbers have not been updated:
