2025-09-23 14:33:00,480 - INFO - Unrevoke - 5401010777046B9C47F01A0EDBC0F7B1 - 1744160730560
2025-09-23 14:33:46,917 - INFO - Unrevoke - 5401010741A257A065332F4E25AAEFEF - 1708942485199
2025-09-26 09:04:58,475 - INFO - 
Updated 10 records in 0.3 seconds
2025-09-26 09:04:58,568 - INFO - Revoked: 5401010708A14FDFC0488BAF90CE0C48 - status: 40 - revocationDate: 1758852290000
2025-09-26 09:04:58,568 - INFO - Revoked: 54010107780AE031598B1A261DCE7235 - status: 40 - revocationDate: 1758852290000
2025-09-26 09:04:58,568 - INFO - Revoked: 54010107420AE44C2F0B395FA36D7EF7 - status: 40 - revocationDate: 1758852290000
2025-09-26 09:04:58,568 - INFO - Revoked: 54010107313D4877B9F7D61A36B718C2 - status: 40 - revocationDate: 1758852290000
2025-09-26 09:04:58,568 - INFO - Revoked: 5401010731ACCA0CCF3D77A85CE53E27 - status: 40 - revocationDate: 1758852290000
2025-09-26 09:04:58,568 - INFO - Revoked: 5401010721F9942B2B044B30D82DF4B6 - status: 40 - revocationDate: 1758852290000
2025-09-26 09:04:58,568 - INFO - Revoked: 540101070EF33614C9BF87EA1AB5B2A5 - status: 40 - revocationDate: 1758852290000
2025-09-26 09:04:58,568 - INFO - Revoked: 540101072513F13C7CD8BE8E7578DEDD - status: 40 - revocationDate: 1758852290000
2025-09-26 09:04:58,568 - INFO - Revoked: 540101074AA5C4988DA6D4F9A346F146 - status: 40 - revocationDate: 1758852290000
2025-09-26 09:04:58,568 - INFO - Revoked: 54010107673610F5AF1634F8F4C9699F - status: 40 - revocationDate: 1758852290000
2025-09-26 09:04:58,568 - INFO - Serial numbers have not been updated:
2025-09-29 11:44:07,937 - INFO - Revoke   - 54010107605FD901EABFC90EBE056A0E - 1759121047669
2025-09-29 14:59:06,493 - INFO - 
Updated 24 records in 0.6 seconds
2025-09-29 14:59:06,584 - INFO - Revoked: 540101077B0C3F85702CB6DAED6DBD8E - status: 40 - revocationDate: 1759132740
2025-09-29 14:59:06,585 - INFO - Revoked: 540101077D3863A154A2FA2ECB9C7C8F - status: 40 - revocationDate: 1759132740
2025-09-29 14:59:06,585 - INFO - Revoked: 540101071C65A0DE7C702486350AD2BD - status: 40 - revocationDate: 1759132740
2025-09-29 14:59:06,585 - INFO - Revoked: 540101076C2B3094465723B19AB20EB2 - status: 40 - revocationDate: 1759132740
2025-09-29 14:59:06,585 - INFO - Revoked: 540101076CF00B7BEA129B0ABB97EEFC - status: 40 - revocationDate: 1759132740
2025-09-29 14:59:06,585 - INFO - Revoked: 54010107354AFA5077A3617AC46D6C74 - status: 40 - revocationDate: 1759132740
2025-09-29 14:59:06,585 - INFO - Revoked: 540101071DC760B62FFAD13447289DA4 - status: 40 - revocationDate: 1759132740
2025-09-29 14:59:06,585 - INFO - Revoked: 540101071B4D2D2DE8A1742C9263A52C - status: 40 - revocationDate: 1759132740
2025-09-29 14:59:06,585 - INFO - Revoked: 540101075805293A1AE81C3DDEADBAC1 - status: 40 - revocationDate: 1759132740
2025-09-29 14:59:06,585 - INFO - Revoked: 540101073A024AA9BC51E782FCD651E9 - status: 40 - revocationDate: 1759132740
2025-09-29 14:59:06,585 - INFO - Revoked: 54010107072DE3F8028D27A4DF71E293 - status: 40 - revocationDate: 1759132740
2025-09-29 14:59:06,585 - INFO - Revoked: 540101077CD5C605836EA6C5D6408C9A - status: 40 - revocationDate: 1759132740
2025-09-29 14:59:06,585 - INFO - Revoked: 5401010728865940AA1E88F2FA326AAD - status: 40 - revocationDate: 1759132740
2025-09-29 14:59:06,585 - INFO - Revoked: 540101075471029260EC4BC2A54E64E0 - status: 40 - revocationDate: 1759132740
2025-09-29 14:59:06,585 - INFO - Revoked: 540101070A1E0D530AC7A5E23B1721D2 - status: 40 - revocationDate: 1759132740
2025-09-29 14:59:06,585 - INFO - Revoked: 54010107337923158E1A18070A5AB09B - status: 40 - revocationDate: 1759132740
2025-09-29 14:59:06,585 - INFO - Revoked: 540101077C2D33E900FCC064FE36A245 - status: 40 - revocationDate: 1759132740
2025-09-29 14:59:06,585 - INFO - Revoked: 5401010756A33E427FEBE10078124CCB - status: 40 - revocationDate: 1759132740
2025-09-29 14:59:06,585 - INFO - Revoked: 540101074F3CEE43C475C51123F13969 - status: 40 - revocationDate: 1759132740
2025-09-29 14:59:06,585 - INFO - Revoked: 5401010735AE31F7397EC19F956274EF - status: 40 - revocationDate: 1759132740
2025-09-29 14:59:06,585 - INFO - Revoked: 5401010734A93307B1BB2E8F5C974BEE - status: 40 - revocationDate: 1759132740
2025-09-29 14:59:06,585 - INFO - Revoked: 5401010774C45DDFC6FEBC5CE0402160 - status: 40 - revocationDate: 1759132740
2025-09-29 14:59:06,585 - INFO - Revoked: 54010107107FFEF0842E630085C30CDE - status: 40 - revocationDate: 1759132740
2025-09-29 14:59:06,585 - INFO - Revoked: 5401010749D819B67EF9C31EDDAB5B39 - status: 40 - revocationDate: 1759132740
2025-09-29 14:59:06,585 - INFO - Serial numbers have not been updated:
2025-09-29 15:00:18,360 - INFO - 
Updated 0 records in 0.3 seconds
2025-09-29 15:00:18,438 - INFO - Serial numbers have not been updated:
2025-09-29 15:00:18,555 - INFO - Not updated: 540101077B0C3F85702CB6DAED6DBD8E - status: 40 - revocationDate: 1759132740
2025-09-29 15:00:18,555 - INFO - Not updated: 540101077D3863A154A2FA2ECB9C7C8F - status: 40 - revocationDate: 1759132740
2025-09-29 15:00:18,555 - INFO - Not updated: 540101071C65A0DE7C702486350AD2BD - status: 40 - revocationDate: 1759132740
2025-09-29 15:00:18,555 - INFO - Not updated: 540101076C2B3094465723B19AB20EB2 - status: 40 - revocationDate: 1759132740
2025-09-29 15:00:18,555 - INFO - Not updated: 540101076CF00B7BEA129B0ABB97EEFC - status: 40 - revocationDate: 1759132740
2025-09-29 15:00:18,555 - INFO - Not updated: 54010107354AFA5077A3617AC46D6C74 - status: 40 - revocationDate: 1759132740
2025-09-29 15:00:18,555 - INFO - Not updated: 540101071DC760B62FFAD13447289DA4 - status: 40 - revocationDate: 1759132740
2025-09-29 15:00:18,555 - INFO - Not updated: 540101071B4D2D2DE8A1742C9263A52C - status: 40 - revocationDate: 1759132740
2025-09-29 15:00:18,556 - INFO - Not updated: 540101075805293A1AE81C3DDEADBAC1 - status: 40 - revocationDate: 1759132740
2025-09-29 15:00:18,556 - INFO - Not updated: 540101073A024AA9BC51E782FCD651E9 - status: 40 - revocationDate: 1759132740
2025-09-29 15:00:18,556 - INFO - Not updated: 54010107072DE3F8028D27A4DF71E293 - status: 40 - revocationDate: 1759132740
2025-09-29 15:00:18,556 - INFO - Not updated: 540101077CD5C605836EA6C5D6408C9A - status: 40 - revocationDate: 1759132740
2025-09-29 15:00:18,556 - INFO - Not updated: 5401010728865940AA1E88F2FA326AAD - status: 40 - revocationDate: 1759132740
2025-09-29 15:00:18,556 - INFO - Not updated: 540101075471029260EC4BC2A54E64E0 - status: 40 - revocationDate: 1759132740
2025-09-29 15:00:18,556 - INFO - Not updated: 540101070A1E0D530AC7A5E23B1721D2 - status: 40 - revocationDate: 1759132740
2025-09-29 15:00:18,556 - INFO - Not updated: 54010107337923158E1A18070A5AB09B - status: 40 - revocationDate: 1759132740
2025-09-29 15:00:18,556 - INFO - Not updated: 540101077C2D33E900FCC064FE36A245 - status: 40 - revocationDate: 1759132740
2025-09-29 15:00:18,556 - INFO - Not updated: 5401010756A33E427FEBE10078124CCB - status: 40 - revocationDate: 1759132740
2025-09-29 15:00:18,556 - INFO - Not updated: 540101074F3CEE43C475C51123F13969 - status: 40 - revocationDate: 1759132740
2025-09-29 15:00:18,556 - INFO - Not updated: 5401010735AE31F7397EC19F956274EF - status: 40 - revocationDate: 1759132740
2025-09-29 15:00:18,556 - INFO - Not updated: 5401010734A93307B1BB2E8F5C974BEE - status: 40 - revocationDate: 1759132740
2025-09-29 15:00:18,556 - INFO - Not updated: 5401010774C45DDFC6FEBC5CE0402160 - status: 40 - revocationDate: 1759132740
2025-09-29 15:00:18,556 - INFO - Not updated: 54010107107FFEF0842E630085C30CDE - status: 40 - revocationDate: 1759132740
2025-09-29 15:00:18,556 - INFO - Not updated: 5401010749D819B67EF9C31EDDAB5B39 - status: 40 - revocationDate: 1759132740
2025-09-29 15:01:02,292 - INFO - ---------------Start updating---------------
2025-09-29 15:01:02,404 - INFO - Pre_Unrevoke - 540101077B0C3F85702CB6DAED6DBD8E - status: 40 - revocationDate: 1759132740
2025-09-29 15:01:02,404 - INFO - Pre_Unrevoke - 540101077D3863A154A2FA2ECB9C7C8F - status: 40 - revocationDate: 1759132740
2025-09-29 15:01:02,404 - INFO - Pre_Unrevoke - 540101071C65A0DE7C702486350AD2BD - status: 40 - revocationDate: 1759132740
2025-09-29 15:01:02,404 - INFO - Pre_Unrevoke - 540101076C2B3094465723B19AB20EB2 - status: 40 - revocationDate: 1759132740
2025-09-29 15:01:02,404 - INFO - Pre_Unrevoke - 540101076CF00B7BEA129B0ABB97EEFC - status: 40 - revocationDate: 1759132740
2025-09-29 15:01:02,404 - INFO - Pre_Unrevoke - 54010107354AFA5077A3617AC46D6C74 - status: 40 - revocationDate: 1759132740
2025-09-29 15:01:02,404 - INFO - Pre_Unrevoke - 540101071DC760B62FFAD13447289DA4 - status: 40 - revocationDate: 1759132740
2025-09-29 15:01:02,405 - INFO - Pre_Unrevoke - 540101071B4D2D2DE8A1742C9263A52C - status: 40 - revocationDate: 1759132740
2025-09-29 15:01:02,405 - INFO - Pre_Unrevoke - 540101075805293A1AE81C3DDEADBAC1 - status: 40 - revocationDate: 1759132740
2025-09-29 15:01:02,405 - INFO - Pre_Unrevoke - 540101073A024AA9BC51E782FCD651E9 - status: 40 - revocationDate: 1759132740
2025-09-29 15:01:02,405 - INFO - Pre_Unrevoke - 54010107072DE3F8028D27A4DF71E293 - status: 40 - revocationDate: 1759132740
2025-09-29 15:01:02,405 - INFO - Pre_Unrevoke - 540101077CD5C605836EA6C5D6408C9A - status: 40 - revocationDate: 1759132740
2025-09-29 15:01:02,405 - INFO - Pre_Unrevoke - 5401010728865940AA1E88F2FA326AAD - status: 40 - revocationDate: 1759132740
2025-09-29 15:01:02,405 - INFO - Pre_Unrevoke - 540101075471029260EC4BC2A54E64E0 - status: 40 - revocationDate: 1759132740
2025-09-29 15:01:02,405 - INFO - Pre_Unrevoke - 540101070A1E0D530AC7A5E23B1721D2 - status: 40 - revocationDate: 1759132740
2025-09-29 15:01:02,405 - INFO - Pre_Unrevoke - 54010107337923158E1A18070A5AB09B - status: 40 - revocationDate: 1759132740
2025-09-29 15:01:02,405 - INFO - Pre_Unrevoke - 540101077C2D33E900FCC064FE36A245 - status: 40 - revocationDate: 1759132740
2025-09-29 15:01:02,405 - INFO - Pre_Unrevoke - 5401010756A33E427FEBE10078124CCB - status: 40 - revocationDate: 1759132740
2025-09-29 15:01:02,405 - INFO - Pre_Unrevoke - 540101074F3CEE43C475C51123F13969 - status: 40 - revocationDate: 1759132740
2025-09-29 15:01:02,405 - INFO - Pre_Unrevoke - 5401010735AE31F7397EC19F956274EF - status: 40 - revocationDate: 1759132740
2025-09-29 15:01:02,405 - INFO - Pre_Unrevoke - 5401010734A93307B1BB2E8F5C974BEE - status: 40 - revocationDate: 1759132740
2025-09-29 15:01:02,405 - INFO - Pre_Unrevoke - 5401010774C45DDFC6FEBC5CE0402160 - status: 40 - revocationDate: 1759132740
2025-09-29 15:01:02,405 - INFO - Pre_Unrevoke - 54010107107FFEF0842E630085C30CDE - status: 40 - revocationDate: 1759132740
2025-09-29 15:01:02,405 - INFO - Pre_Unrevoke - 5401010749D819B67EF9C31EDDAB5B39 - status: 40 - revocationDate: 1759132740
2025-09-29 15:01:02,405 - INFO - -----------------------------------------------------------
2025-09-29 15:01:02,841 - INFO - ---------------Serials updated to status 20---------------
2025-09-29 15:01:02,841 - INFO - Unrevoke - 540101077B0C3F85702CB6DAED6DBD8E - status: 20 - revocationDate: -1
2025-09-29 15:01:02,841 - INFO - Unrevoke - 540101077D3863A154A2FA2ECB9C7C8F - status: 20 - revocationDate: -1
2025-09-29 15:01:02,841 - INFO - Unrevoke - 540101071C65A0DE7C702486350AD2BD - status: 20 - revocationDate: -1
2025-09-29 15:01:02,841 - INFO - Unrevoke - 540101076C2B3094465723B19AB20EB2 - status: 20 - revocationDate: -1
2025-09-29 15:01:02,841 - INFO - Unrevoke - 540101076CF00B7BEA129B0ABB97EEFC - status: 20 - revocationDate: -1
2025-09-29 15:01:02,841 - INFO - Unrevoke - 54010107354AFA5077A3617AC46D6C74 - status: 20 - revocationDate: -1
2025-09-29 15:01:02,841 - INFO - Unrevoke - 540101071DC760B62FFAD13447289DA4 - status: 20 - revocationDate: -1
2025-09-29 15:01:02,841 - INFO - Unrevoke - 540101071B4D2D2DE8A1742C9263A52C - status: 20 - revocationDate: -1
2025-09-29 15:01:02,841 - INFO - Unrevoke - 540101075805293A1AE81C3DDEADBAC1 - status: 20 - revocationDate: -1
2025-09-29 15:01:02,841 - INFO - Unrevoke - 540101073A024AA9BC51E782FCD651E9 - status: 20 - revocationDate: -1
2025-09-29 15:01:02,841 - INFO - Unrevoke - 54010107072DE3F8028D27A4DF71E293 - status: 20 - revocationDate: -1
2025-09-29 15:01:02,841 - INFO - Unrevoke - 540101077CD5C605836EA6C5D6408C9A - status: 20 - revocationDate: -1
2025-09-29 15:01:02,841 - INFO - Unrevoke - 5401010728865940AA1E88F2FA326AAD - status: 20 - revocationDate: -1
2025-09-29 15:01:02,841 - INFO - Unrevoke - 540101075471029260EC4BC2A54E64E0 - status: 20 - revocationDate: -1
2025-09-29 15:01:02,841 - INFO - Unrevoke - 540101070A1E0D530AC7A5E23B1721D2 - status: 20 - revocationDate: -1
2025-09-29 15:01:02,841 - INFO - Unrevoke - 54010107337923158E1A18070A5AB09B - status: 20 - revocationDate: -1
2025-09-29 15:01:02,841 - INFO - Unrevoke - 540101077C2D33E900FCC064FE36A245 - status: 20 - revocationDate: -1
2025-09-29 15:01:02,841 - INFO - Unrevoke - 5401010756A33E427FEBE10078124CCB - status: 20 - revocationDate: -1
2025-09-29 15:01:02,841 - INFO - Unrevoke - 540101074F3CEE43C475C51123F13969 - status: 20 - revocationDate: -1
2025-09-29 15:01:02,841 - INFO - Unrevoke - 5401010735AE31F7397EC19F956274EF - status: 20 - revocationDate: -1
2025-09-29 15:01:02,841 - INFO - Unrevoke - 5401010734A93307B1BB2E8F5C974BEE - status: 20 - revocationDate: -1
2025-09-29 15:01:02,841 - INFO - Unrevoke - 5401010774C45DDFC6FEBC5CE0402160 - status: 20 - revocationDate: -1
2025-09-29 15:01:02,841 - INFO - Unrevoke - 54010107107FFEF0842E630085C30CDE - status: 20 - revocationDate: -1
2025-09-29 15:01:02,841 - INFO - Unrevoke - 5401010749D819B67EF9C31EDDAB5B39 - status: 20 - revocationDate: -1
2025-09-29 15:01:02,841 - INFO - ---------------Complete update unrevoked data !---------------
2025-09-29 15:01:30,936 - INFO - 
Updated 24 records in 0.3 seconds
2025-09-29 15:01:31,032 - INFO - Revoked: 540101077B0C3F85702CB6DAED6DBD8E - status: 40 - revocationDate: 1759132878000
2025-09-29 15:01:31,032 - INFO - Revoked: 540101077D3863A154A2FA2ECB9C7C8F - status: 40 - revocationDate: 1759132878000
2025-09-29 15:01:31,032 - INFO - Revoked: 540101071C65A0DE7C702486350AD2BD - status: 40 - revocationDate: 1759132878000
2025-09-29 15:01:31,032 - INFO - Revoked: 540101076C2B3094465723B19AB20EB2 - status: 40 - revocationDate: 1759132878000
2025-09-29 15:01:31,032 - INFO - Revoked: 540101076CF00B7BEA129B0ABB97EEFC - status: 40 - revocationDate: 1759132878000
2025-09-29 15:01:31,032 - INFO - Revoked: 54010107354AFA5077A3617AC46D6C74 - status: 40 - revocationDate: 1759132878000
2025-09-29 15:01:31,032 - INFO - Revoked: 540101071DC760B62FFAD13447289DA4 - status: 40 - revocationDate: 1759132878000
2025-09-29 15:01:31,032 - INFO - Revoked: 540101071B4D2D2DE8A1742C9263A52C - status: 40 - revocationDate: 1759132878000
2025-09-29 15:01:31,032 - INFO - Revoked: 540101075805293A1AE81C3DDEADBAC1 - status: 40 - revocationDate: 1759132878000
2025-09-29 15:01:31,032 - INFO - Revoked: 540101073A024AA9BC51E782FCD651E9 - status: 40 - revocationDate: 1759132878000
2025-09-29 15:01:31,032 - INFO - Revoked: 54010107072DE3F8028D27A4DF71E293 - status: 40 - revocationDate: 1759132878000
2025-09-29 15:01:31,032 - INFO - Revoked: 540101077CD5C605836EA6C5D6408C9A - status: 40 - revocationDate: 1759132878000
2025-09-29 15:01:31,032 - INFO - Revoked: 5401010728865940AA1E88F2FA326AAD - status: 40 - revocationDate: 1759132878000
2025-09-29 15:01:31,032 - INFO - Revoked: 540101075471029260EC4BC2A54E64E0 - status: 40 - revocationDate: 1759132878000
2025-09-29 15:01:31,032 - INFO - Revoked: 540101070A1E0D530AC7A5E23B1721D2 - status: 40 - revocationDate: 1759132878000
2025-09-29 15:01:31,032 - INFO - Revoked: 54010107337923158E1A18070A5AB09B - status: 40 - revocationDate: 1759132878000
2025-09-29 15:01:31,032 - INFO - Revoked: 540101077C2D33E900FCC064FE36A245 - status: 40 - revocationDate: 1759132878000
2025-09-29 15:01:31,032 - INFO - Revoked: 5401010756A33E427FEBE10078124CCB - status: 40 - revocationDate: 1759132878000
2025-09-29 15:01:31,032 - INFO - Revoked: 540101074F3CEE43C475C51123F13969 - status: 40 - revocationDate: 1759132878000
2025-09-29 15:01:31,032 - INFO - Revoked: 5401010735AE31F7397EC19F956274EF - status: 40 - revocationDate: 1759132878000
2025-09-29 15:01:31,032 - INFO - Revoked: 5401010734A93307B1BB2E8F5C974BEE - status: 40 - revocationDate: 1759132878000
2025-09-29 15:01:31,032 - INFO - Revoked: 5401010774C45DDFC6FEBC5CE0402160 - status: 40 - revocationDate: 1759132878000
2025-09-29 15:01:31,032 - INFO - Revoked: 54010107107FFEF0842E630085C30CDE - status: 40 - revocationDate: 1759132878000
2025-09-29 15:01:31,032 - INFO - Revoked: 5401010749D819B67EF9C31EDDAB5B39 - status: 40 - revocationDate: 1759132878000
2025-09-29 15:01:31,032 - INFO - Serial numbers have not been updated:
2025-09-29 15:17:09,816 - INFO - 
Updated 13 records in 0.3 seconds
2025-09-29 15:17:09,917 - INFO - Revoked: 54010107694B37C1E03C3737B3724CF1 - status: 40 - revocationDate: 1759132878000
2025-09-29 15:17:09,917 - INFO - Revoked: 5401010702403A228E17346F68E4BAA3 - status: 40 - revocationDate: 1759132878000
2025-09-29 15:17:09,918 - INFO - Revoked: 54010107132D5DE6BFB9DE9884553BEB - status: 40 - revocationDate: 1759132878000
2025-09-29 15:17:09,918 - INFO - Revoked: 5401010722BFB3DF0CF4D7F3A3346303 - status: 40 - revocationDate: 1759132878000
2025-09-29 15:17:09,918 - INFO - Revoked: 54010107505FAC2FFA4E0B6DB0AA08E9 - status: 40 - revocationDate: 1759132878000
2025-09-29 15:17:09,918 - INFO - Revoked: 540101075DCF5A9A68D44E016A92C560 - status: 40 - revocationDate: 1759132878000
2025-09-29 15:17:09,918 - INFO - Revoked: 540101074406E9D026F9012FB0685189 - status: 40 - revocationDate: 1759132878000
2025-09-29 15:17:09,919 - INFO - Revoked: 540101073642BDCD7E7498C1D927FEEA - status: 40 - revocationDate: 1759132878000
2025-09-29 15:17:09,919 - INFO - Revoked: 54010107524BA39E7236467DFA02C6F3 - status: 40 - revocationDate: 1759132878000
2025-09-29 15:17:09,919 - INFO - Revoked: 5401010777DE0B1180B6F378D58F90F3 - status: 40 - revocationDate: 1759132878000
2025-09-29 15:17:09,919 - INFO - Revoked: 540101072F0C9C85CB57F5471C93F36D - status: 40 - revocationDate: 1759132878000
2025-09-29 15:17:09,919 - INFO - Revoked: 5401010710253B40EB93940A06827171 - status: 40 - revocationDate: 1759132878000
2025-09-29 15:17:09,919 - INFO - Revoked: 54010107341C9A00F8CFEF8ED0EC3ECC - status: 40 - revocationDate: 1759132878000
2025-09-29 15:17:09,919 - INFO - Serial numbers have not been updated:
