2025-11-03 09:28:01,138 - INFO - Revoke   - 540101071BAC1028C6A3C900B12ED0F6 - 1759740032439
2025-11-06 11:19:48,199 - INFO - Unrevoke - 540101077B5583B6AA23776208E9CD25 - 1762391878597
2025-11-18 08:35:54,638 - INFO - Revoke   - 540101077B5583B6AA23776208E9CD25 - 1762391878597
2025-11-18 15:54:13,641 - INFO - Unrevoke - 540101077B5583B6AA23776208E9CD25 - 1762391878597
2025-11-20 10:03:28,453 - INFO - 
Updated 8 records in 0.3 seconds
2025-11-20 10:03:28,562 - INFO - Revoked: 540101070A7A0B1F38C8F748F2999220 - status: 40 - revocationDate: 1763607800000
2025-11-20 10:03:28,562 - INFO - Revoked: 540101070B8BBC9E194F821D159ABE74 - status: 40 - revocationDate: 1763607800000
2025-11-20 10:03:28,562 - INFO - Revoked: 540101076E0A9E185E94B7CB03E7D464 - status: 40 - revocationDate: 1763607800000
2025-11-20 10:03:28,562 - INFO - Revoked: 540101077B77E30CF3D0E0779438FAE8 - status: 40 - revocationDate: 1763607800000
2025-11-20 10:03:28,562 - INFO - Revoked: 540101074822277D7F73108B592FDEAE - status: 40 - revocationDate: 1763607800000
2025-11-20 10:03:28,562 - INFO - Revoked: 5401010744CF934E7D23484DA975B613 - status: 40 - revocationDate: 1763607800000
2025-11-20 10:03:28,562 - INFO - Revoked: 540101076E69FE7111887D5169AC47CB - status: 40 - revocationDate: 1763607800000
2025-11-20 10:03:28,562 - INFO - Revoked: 5401010763BF3BF5FC26956DEA001869 - status: 40 - revocationDate: 1763607800000
2025-11-20 10:03:28,562 - INFO - Serial numbers have not been updated:
2025-11-20 10:03:28,656 - INFO - Not updated: 54010107397C39D94EF8B5CFC9E8BBAD - status: 40 - revocationDate: 1748914166299
2025-11-20 10:03:28,656 - INFO - Not updated: 540101076E9304BE8FAEC3811938EC4F - status: 40 - revocationDate: 1751536465400
2025-11-20 10:03:28,656 - INFO - Not updated: 540101077374ECE9FEE9B5DD1E4B9BF3 - status: 40 - revocationDate: 1749435416777
2025-11-20 10:03:28,656 - INFO - Not updated: 540101073E8C8844EEE281735B570F78 - status: 40 - revocationDate: 1755832577011
2025-11-20 10:03:28,656 - INFO - Not updated: 5401010727D59C7F4FE5346B5CE00535 - status: 40 - revocationDate: 1748914177363
2025-11-20 16:47:04,786 - INFO - Unrevoke - 540101072A01D02238597EA681FDA9DF - 1761536953049
2025-11-21 09:58:26,211 - INFO - Revoke   - 540101076320BD7F5498891E083A5B2F - 1763693905994
2025-11-24 14:31:11,982 - INFO - Unrevoke - 540101075E0FD61EA93A41D080385227 - 1753859069242
2025-11-28 14:47:35,503 - INFO - Revoke   - 540101070561E0C5180AD8B645C2F900 - 1764316055280
