2025-10-03 09:34:30,117 - INFO - Unrevoke - 5401010733CA80A20D1244CE3EF9606A - 1759453827523
2025-10-07 10:14:42,664 - INFO - Unrevoke - 5401010741F450A815F1B168B8BC3BA2 - 1759740034671
2025-10-07 10:14:51,745 - INFO - Unrevoke - 540101071BAC1028C6A3C900B12ED0F6 - 1759740032439
2025-10-07 11:29:01,783 - INFO - Revoke   - 54010107579098a9ebc5cd6017ce6a79 - 1759811341570
2025-10-07 11:41:00,122 - INFO - Unrevoke - 540101072513F13C7CD8BE8E7578DEDD - 1758852290000
2025-10-07 16:33:14,422 - INFO - Unrevoke - 5401010704c92f9e1e62d472f3b15477 - 1721265402959
2025-10-08 10:32:58,081 - WARNING - No update - 540101070f1e6aa7395fd1cd3a224012 - Record not found
2025-10-08 10:32:58,267 - INFO - Revoke   - 5401010715842576B0FD689F11E74B45 - 1753235446982
2025-10-08 10:32:58,419 - INFO - Revoke   - 540101073046BFAB56111D452377034D - 1745890087172
2025-10-08 10:32:58,573 - INFO - Revoke   - 540101073d1b68f5278ca946d79d710e - 1752196775606
2025-10-08 10:32:58,815 - WARNING - No update - 5401010742BE4A44999BC0357EF1F918 - Record not found
2025-10-08 10:32:58,966 - INFO - Revoke   - 5401010721B4B28EF48EF0A3A1C24343 - 1748225263672
2025-10-08 10:32:59,177 - INFO - Revoke   - 540101073A876AB466934DD7C3EDC966 - 1741655233949
2025-10-08 10:32:59,382 - WARNING - No update - 5401010741f5aa786cffbdd6385af1d2 - Record not found
2025-10-08 10:32:59,603 - WARNING - No update - 54010107460A64271A7B4F2CEBD03BAD - Record not found
2025-10-08 10:32:59,831 - WARNING - No update - 54010107571457e2c69ab8789feac48d - Record not found
2025-10-08 10:32:59,975 - INFO - Revoke   - 540101071DBFEEFC672A9DA5AA50BED8 - 1755052105534
2025-10-08 10:33:00,119 - INFO - Revoke   - 5401010728DAB996D95B916B19419378 - 1755264161366
2025-10-08 10:33:00,416 - WARNING - No update - 5401010712683A61580B351B431D6BDE - Record not found
2025-10-08 10:33:00,560 - INFO - Revoke   - 5401010712FFEA99AF3D55F9E7EB68E6 - 1755264158677
2025-10-08 10:33:00,787 - WARNING - No update - 540101071240fc136de9d780a87dce0e - Record not found
2025-10-08 10:33:01,049 - WARNING - No update - 540101070a1fca5aa0117c99c3e83c46 - Record not found
2025-10-08 10:33:01,380 - WARNING - No update - 540101072a59194fa6a3b769e5c55dbf - Record not found
2025-10-08 10:33:01,618 - WARNING - No update - 54010107723E39839AB4AE4BC5E5A062 - Record not found
2025-10-08 10:33:01,855 - WARNING - No update - 5401010740AF143433BACCF645A840D4 - Record not found
2025-10-08 10:33:02,081 - WARNING - No update - 5401010714D3FC59D878F897D41DE6E6 - Record not found
2025-10-08 10:33:02,315 - WARNING - No update - 54010107511801DDF7BE1742225D1590 - Record not found
2025-10-08 10:33:02,499 - WARNING - No update - 54010107252209C6BD27379EBAE5890E - Record not found
2025-10-08 10:33:02,682 - WARNING - No update - 54010107512bd5bc60d6e54646f2760e - Record not found
2025-10-08 10:33:02,792 - INFO - Revoke   - 540101076b8c48c3f2541a3b24a4a09c - 1756256962009
2025-10-08 10:33:02,975 - WARNING - No update - 5401010750CCBA07C576094BBCB3691D - Status: 20, Revocation Date: -1
2025-10-08 10:33:03,195 - WARNING - No update - 5401010770f31813979727bb956c8e86 - Record not found
2025-10-08 10:33:03,485 - WARNING - No update - 540101071E412775BCA5DF4783B9D7DB - Record not found
2025-10-08 10:33:03,631 - INFO - Revoke   - 5401010777046B9C47F01A0EDBC0F7B1 - 1744160730560
2025-10-08 10:33:03,775 - INFO - Revoke   - 5401010741A257A065332F4E25AAEFEF - 1708942485199
2025-10-08 10:33:04,003 - WARNING - No update - 540101071FC4085F3CDA93B8D80EB462 - Record not found
2025-10-08 10:33:04,220 - WARNING - No update - 540101077774541E29D12647CAF9CA6F - Record not found
2025-10-08 10:33:11,357 - INFO - Updated 11 records in 6.5 seconds
2025-10-08 10:33:11,357 - INFO - No updates for 20 records
2025-10-08 10:43:00,992 - INFO - Revoke   - 5401010750CCBA07C576094BBCB3691D - 1737422713510
2025-10-09 08:42:08,168 - INFO - Unrevoke - 5401010715842576B0FD689F11E74B45 - 1753235446982
2025-10-09 08:43:06,069 - INFO - Unrevoke - 540101073A876AB466934DD7C3EDC966 - 1741655233949
2025-10-14 13:34:54,610 - INFO - Unrevoke - 5401010711E34AF57974F6EFB0AC574B - 1759453825235
2025-10-14 13:40:15,761 - INFO - Revoke   - 5401010704c92f9e1e62d472f3b15477 - 1721265402959
2025-10-16 09:31:49,078 - INFO - Unrevoke - 5401010756A2972D67AEDC6442F3DDE0  - 1755739574279
2025-10-17 14:44:30,986 - INFO - Revoke   - 5401010736704303607834CE97AA7065 - 1760687070757
2025-10-17 14:47:32,437 - INFO - Revoke   - 54010107326DFA511F685040C8CE8AE3 - 1760687252224
2025-10-20 08:40:18,951 - INFO - Revoke   - 5401010711E34AF57974F6EFB0AC574B - 1759453825235
2025-10-20 10:32:14,488 - INFO - Unrevoke - 5401010759FF34A9882A1E3D52B12C83 - 1757898231935
2025-10-20 17:02:01,630 - INFO - 
Updated 8 records in 0.3 seconds
2025-10-20 17:02:01,726 - INFO - Revoked: 5401010724EA2F428D329D9D404D92BF - status: 40 - revocationDate: 1760954500000
2025-10-20 17:02:01,726 - INFO - Revoked: 540101076B5123AD4C49F355FC9C6C02 - status: 40 - revocationDate: 1760954500000
2025-10-20 17:02:01,726 - INFO - Revoked: 540101072F59AEACA13308BE6D2717BF - status: 40 - revocationDate: 1760954500000
2025-10-20 17:02:01,727 - INFO - Revoked: 54010107519F434E5076502211E757CD - status: 40 - revocationDate: 1760954500000
2025-10-20 17:02:01,727 - INFO - Revoked: 540101071A8E85C553801AE37FFA8A72 - status: 40 - revocationDate: 1760954500000
2025-10-20 17:02:01,727 - INFO - Revoked: 540101070CC84C1F8C6784C1DC9929D6 - status: 40 - revocationDate: 1760954500000
2025-10-20 17:02:01,727 - INFO - Revoked: 540101070B70759140A80E186F1C47EE - status: 40 - revocationDate: 1760954500000
2025-10-20 17:02:01,727 - INFO - Revoked: 540101070A876AD616631E8CF4B637E6 - status: 40 - revocationDate: 1760954500000
2025-10-20 17:02:01,727 - INFO - Serial numbers have not been updated:
2025-10-23 08:32:19,156 - INFO - Revoke   - 540101075E687CE68ADA81474B73AB9A - 1761183138946
2025-10-23 15:06:21,818 - INFO - Revoke   - 5401010743A6D03F6C52CC343B72B994 - 1761206781605
2025-10-29 08:20:36,655 - INFO - Revoke   - 5401010774EEB7808BD2F7B18905FA89 - 1761700836452
2025-10-29 08:28:07,619 - INFO - Revoke   - 5401010756A2972D67AEDC6442F3DDE0 - 1755739574279
2025-10-29 08:29:50,541 - INFO - Revoke   - 5401010759FF34A9882A1E3D52B12C83 - 1757898231935
2025-10-29 08:33:55,286 - INFO - Revoke   - 5401010733CA80A20D1244CE3EF9606A - 1759453827523
2025-10-29 08:33:55,468 - INFO - Revoke   - 540101071BAC1028C6A3C900B12ED0F6 - 1759740032439
2025-10-29 08:33:55,617 - INFO - Revoke   - 5401010741F450A815F1B168B8BC3BA2 - 1759740034671
2025-10-29 08:33:55,767 - INFO - Revoke   - 540101072513F13C7CD8BE8E7578DEDD - 1758852290000
2025-10-29 08:33:57,070 - INFO - Updated 4 records in 0.7 seconds
2025-10-29 08:33:57,070 - INFO - No updates for 0 records
2025-10-29 08:40:15,865 - INFO - Revoke   - 5401010778AFFAD5B3719133B2D8A4A0 - 1761702015653
2025-10-29 08:40:22,371 - INFO - Revoke   - 540101075C7CCD9043C7148F8EEA219B - 1761702022156
2025-10-29 08:40:32,818 - INFO - Revoke   - 540101075C385A03B5AE290AC81080D0 - 1761702032604
2025-10-29 08:43:15,807 - INFO - Revoke   - 5401010704F69939724780FD6DB19E03 - 1761702195596
2025-10-29 08:45:00,227 - INFO - Revoke   - 5401010733ED04C641E2A13E1D6279FB - 1761702300019
2025-10-29 08:45:21,810 - INFO - Revoke   - 540101072C55FBDE89ECEDA14DEE0FFC - 1761702321544
2025-10-29 08:46:57,308 - INFO - Revoke   - 540101076135F1367936E1E0417B29FB - 1761702417100
2025-10-29 08:47:17,401 - INFO - Unrevoke - 540101074CF4E8059EFD52110B7EAFF9 - -1
2025-10-29 08:47:21,432 - INFO - Revoke   - 540101074CF4E8059EFD52110B7EAFF9 - 1761702441004
2025-10-29 08:47:40,828 - INFO - Revoke   - 54010107138C86A83B3F0DCFB64CAB32 - 1761702460613
2025-10-29 08:48:35,676 - INFO - Revoke   - 540101073457C4A6C002C43A543BFA32 - 1761702515484
2025-10-29 08:50:00,067 - INFO - Revoke   - 54010107736F5EC574B6A5479204C700 - 1761702599837
2025-10-29 08:50:11,922 - INFO - Unrevoke - 540101076E49E9720A7E9EA360BC4A4E - -1
2025-10-29 08:50:14,009 - INFO - Revoke   - 540101076E49E9720A7E9EA360BC4A4E - 1761702613796
2025-10-29 08:50:25,804 - INFO - Revoke   - 54010107475D391ABDBE28892A5C53BC - 1761702625596
2025-10-29 08:51:54,916 - INFO - Revoke   - 540101070866F7276F3DFF9666844D17 - 1761702714724
2025-10-29 08:52:15,372 - INFO - Revoke   - 540101076F2B3F0AFCF98C426F99A4B8 - 1761702735166
2025-10-29 08:52:36,363 - INFO - Revoke   - 54010107012D1B85943313BB59BB320E - 1761702756096
2025-10-29 08:52:49,260 - INFO - Revoke   - 540101072B83EFDC23F269543835FB21 - 1761702769059
2025-10-29 08:53:47,876 - INFO - Revoke   - 5401010760E2103A0144B6B2E3D5AD1C - 1761702827668
2025-10-29 08:54:06,484 - INFO - Revoke   - 54010107223CA5CCABB467FDEC2254D7 - 1761702846296
2025-10-29 08:54:33,923 - INFO - Unrevoke - 54010107223CA5CCABB467FDEC2254D7 - 1761702846296
2025-10-29 08:54:45,834 - INFO - Unrevoke - 5401010760E2103A0144B6B2E3D5AD1C - 1761702827668
2025-10-30 10:51:07,154 - INFO - Unrevoke - 540101071BAC1028C6A3C900B12ED0F6 - 1759740032439
