2025-10-07 16:29:43,472 - INFO - Unrevoke - 540101077c8b03d1e2b4cc769a008f28 - 1704790224357
2025-10-08 10:13:10,763 - INFO - Unrevoke - 540101073274680C1152C71B98FB3F17 - 1744164556482
2025-10-08 10:32:02,043 - INFO - Revoke   - 540101070f1e6aa7395fd1cd3a224012 - 1746411201313
2025-10-08 10:32:02,545 - WARNING - No update - 5401010715842576B0FD689F11E74B45 - Record not found
2025-10-08 10:32:03,026 - WARNING - No update - 540101073046BFAB56111D452377034D - Record not found
2025-10-08 10:32:03,493 - WARNING - No update - 540101073d1b68f5278ca946d79d710e - Record not found
2025-10-08 10:32:03,781 - INFO - Revoke   - 5401010742BE4A44999BC0357EF1F918 - 1737424577051
2025-10-08 10:32:04,296 - WARNING - No update - 5401010721B4B28EF48EF0A3A1C24343 - Record not found
2025-10-08 10:32:04,769 - WARNING - No update - 540101073A876AB466934DD7C3EDC966 - Record not found
2025-10-08 10:32:05,234 - WARNING - No update - 5401010741f5aa786cffbdd6385af1d2 - Status: 20, Revocation Date: -1
2025-10-08 10:32:05,699 - WARNING - No update - 54010107460A64271A7B4F2CEBD03BAD - Status: 20, Revocation Date: -1
2025-10-08 10:32:06,159 - WARNING - No update - 54010107571457e2c69ab8789feac48d - Status: 20, Revocation Date: -1
2025-10-08 10:32:06,629 - WARNING - No update - 540101071DBFEEFC672A9DA5AA50BED8 - Record not found
2025-10-08 10:32:07,093 - WARNING - No update - 5401010728DAB996D95B916B19419378 - Record not found
2025-10-08 10:32:07,561 - WARNING - No update - 5401010712683A61580B351B431D6BDE - Status: 20, Revocation Date: -1
2025-10-08 10:32:08,028 - WARNING - No update - 5401010712FFEA99AF3D55F9E7EB68E6 - Record not found
2025-10-08 10:32:08,308 - INFO - Revoke   - 540101071240fc136de9d780a87dce0e - 1744938588420
2025-10-08 10:32:08,591 - INFO - Revoke   - 540101070a1fca5aa0117c99c3e83c46 - 1740535715539
2025-10-08 10:32:09,061 - WARNING - No update - 540101072a59194fa6a3b769e5c55dbf - Status: 20, Revocation Date: -1
2025-10-08 10:32:09,554 - WARNING - No update - 54010107723E39839AB4AE4BC5E5A062 - Status: 20, Revocation Date: -1
2025-10-08 10:32:09,838 - INFO - Revoke   - 5401010740AF143433BACCF645A840D4 - 1710319290941
2025-10-08 10:32:10,338 - WARNING - No update - 5401010714D3FC59D878F897D41DE6E6 - Status: 20, Revocation Date: -1
2025-10-08 10:32:10,627 - INFO - Revoke   - 54010107511801DDF7BE1742225D1590 - 1744711773189
2025-10-08 10:32:11,089 - WARNING - No update - 54010107252209C6BD27379EBAE5890E - Status: 20, Revocation Date: -1
2025-10-08 10:32:11,588 - WARNING - No update - 54010107512bd5bc60d6e54646f2760e - Status: 20, Revocation Date: -1
2025-10-08 10:32:12,059 - WARNING - No update - 540101076b8c48c3f2541a3b24a4a09c - Record not found
2025-10-08 10:32:12,531 - WARNING - No update - 5401010750CCBA07C576094BBCB3691D - Record not found
2025-10-08 10:32:12,993 - WARNING - No update - 5401010770f31813979727bb956c8e86 - Status: 20, Revocation Date: -1
2025-10-08 10:32:13,284 - INFO - Revoke   - 540101071E412775BCA5DF4783B9D7DB - 1747188629094
2025-10-08 10:32:13,751 - WARNING - No update - 5401010777046B9C47F01A0EDBC0F7B1 - Record not found
2025-10-08 10:32:14,246 - WARNING - No update - 5401010741A257A065332F4E25AAEFEF - Record not found
2025-10-08 10:32:14,711 - WARNING - No update - 540101071FC4085F3CDA93B8D80EB462 - Status: 20, Revocation Date: -1
2025-10-08 10:32:14,992 - INFO - Revoke   - 540101077774541E29D12647CAF9CA6F - 1745197827359
2025-10-08 10:32:18,006 - INFO - Updated 8 records in 13.3 seconds
2025-10-08 10:32:18,006 - INFO - No updates for 23 records
2025-10-08 10:59:50,610 - WARNING - No update - 540101070f1e6aa7395fd1cd3a224012 - Status: 40, Revocation Date: 1746411201313
2025-10-08 10:59:51,075 - WARNING - No update - 5401010715842576B0FD689F11E74B45 - Record not found
2025-10-08 10:59:51,540 - WARNING - No update - 540101073046BFAB56111D452377034D - Record not found
2025-10-08 10:59:52,013 - WARNING - No update - 540101073d1b68f5278ca946d79d710e - Record not found
2025-10-08 10:59:52,481 - WARNING - No update - 5401010742BE4A44999BC0357EF1F918 - Status: 40, Revocation Date: 1737424577051
2025-10-08 10:59:52,971 - WARNING - No update - 5401010721B4B28EF48EF0A3A1C24343 - Record not found
2025-10-08 10:59:53,446 - WARNING - No update - 540101073A876AB466934DD7C3EDC966 - Record not found
2025-10-08 10:59:53,734 - INFO - Revoke   - 5401010741f5aa786cffbdd6385af1d2 - 1748229280453
2025-10-08 10:59:54,028 - INFO - Revoke   - 54010107460A64271A7B4F2CEBD03BAD - 1745806347533
2025-10-08 10:59:54,312 - INFO - Revoke   - 54010107571457e2c69ab8789feac48d - 1740103620204
2025-10-08 10:59:54,835 - WARNING - No update - 540101071DBFEEFC672A9DA5AA50BED8 - Record not found
2025-10-08 10:59:55,306 - WARNING - No update - 5401010728DAB996D95B916B19419378 - Record not found
2025-10-08 10:59:55,598 - INFO - Revoke   - 5401010712683A61580B351B431D6BDE - 1731493467084
2025-10-08 10:59:56,075 - WARNING - No update - 5401010712FFEA99AF3D55F9E7EB68E6 - Record not found
2025-10-08 10:59:56,569 - WARNING - No update - 540101071240fc136de9d780a87dce0e - Status: 40, Revocation Date: 1744938588420
2025-10-08 10:59:57,036 - WARNING - No update - 540101070a1fca5aa0117c99c3e83c46 - Status: 40, Revocation Date: 1740535715539
2025-10-08 10:59:57,323 - INFO - Revoke   - 540101072a59194fa6a3b769e5c55dbf - 1747794234220
2025-10-08 10:59:57,643 - INFO - Revoke   - 54010107723E39839AB4AE4BC5E5A062 - 1747970016720
2025-10-08 10:59:58,118 - WARNING - No update - 5401010740AF143433BACCF645A840D4 - Status: 40, Revocation Date: 1710319290941
2025-10-08 10:59:58,438 - INFO - Revoke   - 5401010714D3FC59D878F897D41DE6E6 - 1747794204396
2025-10-08 10:59:58,904 - WARNING - No update - 54010107511801DDF7BE1742225D1590 - Status: 40, Revocation Date: 1744711773189
2025-10-08 10:59:59,190 - INFO - Revoke   - 54010107252209C6BD27379EBAE5890E - 1747794770680
2025-10-08 10:59:59,510 - INFO - Revoke   - 54010107512bd5bc60d6e54646f2760e - 1731492103234
2025-10-08 10:59:59,973 - WARNING - No update - 540101076b8c48c3f2541a3b24a4a09c - Record not found
2025-10-08 11:00:00,434 - WARNING - No update - 5401010750CCBA07C576094BBCB3691D - Record not found
2025-10-08 11:00:00,723 - INFO - Revoke   - 5401010770f31813979727bb956c8e86 - 1747793894345
2025-10-08 11:00:01,190 - WARNING - No update - 540101071E412775BCA5DF4783B9D7DB - Status: 40, Revocation Date: 1747188629094
2025-10-08 11:00:01,666 - WARNING - No update - 5401010777046B9C47F01A0EDBC0F7B1 - Record not found
2025-10-08 11:00:02,122 - WARNING - No update - 5401010741A257A065332F4E25AAEFEF - Record not found
2025-10-08 11:00:02,410 - INFO - Revoke   - 540101071FC4085F3CDA93B8D80EB462 - 1747793507951
2025-10-08 11:00:02,883 - WARNING - No update - 540101077774541E29D12647CAF9CA6F - Status: 40, Revocation Date: 1745197827359
2025-10-08 11:00:08,310 - INFO - Updated 11 records in 12.7 seconds
2025-10-08 11:00:08,310 - INFO - No updates for 20 records
2025-10-14 13:39:08,872 - INFO - Revoke   - 540101077c8b03d1e2b4cc769a008f28 - 1704790224357
2025-10-20 10:31:09,570 - INFO - Unrevoke - 5401010772BC70F646B794887ED6239D - 1747188951018
2025-10-20 15:28:05,242 - INFO - Unrevoke - 540101072F933907EDABDFBD1E7B8DB0 - 1745892552890
2025-10-24 15:57:43,924 - INFO - Unrevoke - 540101070CD12CEFD53B743D6B5C1244 - 1744938603348
2025-10-29 08:31:18,908 - INFO - Revoke   - 5401010772BC70F646B794887ED6239D - 1747188951018
2025-10-29 08:32:01,713 - INFO - Revoke   - 540101072F933907EDABDFBD1E7B8DB0 - 1745892552890
2025-10-29 08:36:01,645 - INFO - Revoke   - 540101073274680C1152C71B98FB3F17 - 1744164556482
2025-10-30 14:24:19,146 - INFO - Unrevoke - 540101070b084f5cb8ba41a753a1f877 - 1747970133369
